2017-06-26 14:13:22,532 [INFO ] [main] o.e.j.u.log - [, , ] - Logging initialized @1064ms to org.eclipse.jetty.util.log.Slf4jLog
2017-06-26 14:13:23,376 [INFO ] [main] o.e.j.s.Server - [, , ] - jetty-9.4.1.v20170120
2017-06-26 14:13:23,530 [INFO ] [main] o.e.j.s.AbstractConnector - [, , ] - Started ServerConnector@49c7b90e{HTTP/1.1,[http/1.1]}{0.0.0.0:7999}
2017-06-26 14:13:23,577 [INFO ] [main] o.e.j.u.s.SslContextFactory - [, , ] - x509=X509@3a44431a(app-key,h=[],w=[]) for SslContextFactory@3c7f66c4(jar:file:/C:/Users/B144959/.m2/repository/no/nav/modig/modig-testcertificates/1.2.2/modig-testcertificates-1.2.2.jar!/no/nav/modig/testcertificates/keystore.jks,null)
2017-06-26 14:13:23,911 [INFO ] [main] o.e.j.s.AbstractConnector - [, , ] - Started ServerConnector@48c76607{SSL,[ssl, http/1.1]}{0.0.0.0:7998}
2017-06-26 14:13:23,914 [INFO ] [main] o.e.j.s.Server - [, , ] - Started @2450ms
2017-06-26 14:13:23,971 [INFO ] [main] o.e.j.s.h.ContextHandler - [, , ] - Started o.e.j.h.s.HttpSpiContextHandler@58594a11{/aktoer,null,AVAILABLE}
2017-06-26 14:13:25,210 [WARN ] [main] o.h.o.c.pooling - [, , ] - HHH10001002: Using Hibernate built-in connection pool (not for production use!)
2017-06-26 14:13:28,468 [INFO ] [main] o.e.j.s.h.ContextHandler - [, , ] - Started o.e.j.h.s.HttpSpiContextHandler@5e905f2c{/sak,null,AVAILABLE}
2017-06-26 14:13:28,584 [INFO ] [main] o.e.j.s.h.ContextHandler - [, , ] - Started o.e.j.h.s.HttpSpiContextHandler@d8835af{/person,null,AVAILABLE}
2017-06-26 14:13:28,631 [WARN ] [main] o.h.o.c.pooling - [, , ] - HHH10001002: Using Hibernate built-in connection pool (not for production use!)
2017-06-26 14:13:29,060 [INFO ] [main] o.e.j.s.h.ContextHandler - [, , ] - Started o.e.j.h.s.HttpSpiContextHandler@3ccb12d{/journal,null,AVAILABLE}
2017-06-26 14:13:29,106 [WARN ] [main] o.h.o.c.pooling - [, , ] - HHH10001002: Using Hibernate built-in connection pool (not for production use!)
2017-06-26 14:13:29,407 [INFO ] [main] o.e.j.s.h.ContextHandler - [, , ] - Started o.e.j.h.s.HttpSpiContextHandler@2b098563{/inngaaendejournal,null,AVAILABLE}
2017-06-26 14:13:29,455 [WARN ] [main] o.h.o.c.pooling - [, , ] - HHH10001002: Using Hibernate built-in connection pool (not for production use!)
2017-06-26 14:13:29,666 [INFO ] [main] o.e.j.s.h.ContextHandler - [, , ] - Started o.e.j.h.s.HttpSpiContextHandler@25470477{/behandleinngaaendejournal,null,AVAILABLE}
2017-06-26 14:13:29,713 [WARN ] [main] o.h.o.c.pooling - [, , ] - HHH10001002: Using Hibernate built-in connection pool (not for production use!)
2017-06-26 14:13:29,931 [INFO ] [main] o.e.j.s.h.ContextHandler - [, , ] - Started o.e.j.h.s.HttpSpiContextHandler@7eae55{/oppgavebehandling,null,AVAILABLE}
2017-06-26 14:13:30,121 [INFO ] [main] o.e.j.s.h.ContextHandler - [, , ] - Started o.e.j.h.s.HttpSpiContextHandler@685e6a68{/behandlesak,null,AVAILABLE}
2017-06-26 14:13:30,185 [INFO ] [main] o.e.j.s.h.ContextHandler - [, , ] - Started o.e.j.h.s.HttpSpiContextHandler@603d25db{/asm-pdp/authorize,null,AVAILABLE}
2017-06-26 14:13:30,239 [INFO ] [main] o.e.j.s.h.ContextHandler - [, , ] - Started o.e.j.h.s.HttpSpiContextHandler@7d4d65f5{/infotrygdsak,null,AVAILABLE}
2017-06-26 14:13:30,286 [WARN ] [main] o.h.o.c.pooling - [, , ] - HHH10001002: Using Hibernate built-in connection pool (not for production use!)
